<?xml version="1.0" encoding="UTF-8"?>
<!-- Generated by org.testng.reporters.JUnitXMLReporter -->
<testsuite ignored="0" hostname="DESKTOP-0TUL6RB" failures="2" tests="5" name="My Test" time="45.004" errors="0" timestamp="2023-06-19T14:34:12 IST">
  <testcase classname="com.framework.testCases.TC_LoginTest_001" name="loginTest" time="1.766"/>
  <testcase classname="com.framework.testCases.TC_LoginDDT_002" name="loginDDT" time="10.596"/>
  <testcase classname="com.framework.testCases.TC_LoginDDT_002" name="loginDDT" time="5.456">
    <failure type="java.lang.AssertionError" message="expected [true] but found [false]">
      <![CDATA[java.lang.AssertionError: expected [true] but found [false]
at com.framework.testCases.TC_LoginDDT_002.loginDDT(TC_LoginDDT_002.java:30)
at java.base/java.util.ArrayList.forEach(ArrayList.java:1511)
... Removed 29 stack frames]]>
    </failure>
  </testcase> <!-- loginDDT -->
  <testcase classname="com.framework.testCases.TC_LoginDDT_002" name="loginDDT" time="10.802"/>
  <testcase classname="com.framework.testCases.TC_LoginDDT_002" name="loginDDT" time="5.485">
    <failure type="java.lang.AssertionError" message="expected [true] but found [false]">
      <![CDATA[java.lang.AssertionError: expected [true] but found [false]
at com.framework.testCases.TC_LoginDDT_002.loginDDT(TC_LoginDDT_002.java:30)
at java.base/java.util.ArrayList.forEach(ArrayList.java:1511)
... Removed 29 stack frames]]>
    </failure>
  </testcase> <!-- loginDDT -->
</testsuite> <!-- My Test -->
