<?xml version="1.0" encoding="UTF-8"?>
<!-- Generated by org.testng.reporters.JUnitXMLReporter -->
<testsuite ignored="0" hostname="DESKTOP-0TUL6RB" failures="2" tests="6" name="My Test" time="89.805" errors="0" timestamp="2023-06-23T15:47:40 IST">
  <testcase classname="com.framework.testCases.TC_LoginTest_001" name="loginTest" time="1.895"/>
  <testcase classname="com.framework.testCases.TC_LoginDDT_002" name="loginDDT" time="12.091"/>
  <testcase classname="com.framework.testCases.TC_LoginDDT_002" name="loginDDT" time="7.3">
    <failure type="java.lang.AssertionError" message="expected [true] but found [false]">
      <![CDATA[java.lang.AssertionError: expected [true] but found [false]
at com.framework.testCases.TC_LoginDDT_002.loginDDT(TC_LoginDDT_002.java:30)
at java.base/java.util.ArrayList.forEach(ArrayList.java:1511)
... Removed 29 stack frames]]>
    </failure>
  </testcase> <!-- loginDDT -->
  <testcase classname="com.framework.testCases.TC_LoginDDT_002" name="loginDDT" time="12.756"/>
  <testcase classname="com.framework.testCases.TC_LoginDDT_002" name="loginDDT" time="6.039">
    <failure type="java.lang.AssertionError" message="expected [true] but found [false]">
      <![CDATA[java.lang.AssertionError: expected [true] but found [false]
at com.framework.testCases.TC_LoginDDT_002.loginDDT(TC_LoginDDT_002.java:30)
at java.base/java.util.ArrayList.forEach(ArrayList.java:1511)
... Removed 29 stack frames]]>
    </failure>
  </testcase> <!-- loginDDT -->
  <testcase classname="com.framework.testCases.TC_AddCustomerTest_003" name="addNewCustomer" time="24.614"/>
</testsuite> <!-- My Test -->
