<?xml version="1.0" encoding="UTF-8"?>
<!-- Generated by org.testng.reporters.JUnitXMLReporter -->
<testsuite ignored="0" hostname="ENINDSPRM060" failures="0" tests="3" name="ErosNow Test" time="122.854" errors="0" timestamp="2023-10-09T17:38:08 IST">
  <testcase classname="com.ErosNow.testCases.LetsStart" name="loginTest" time="23.353"/>
  <testcase classname="com.ErosNow.testCases.Login_DDT" name="LoginDDT" time="25.06"/>
  <testcase classname="com.ErosNow.testCases.Login_DDT" name="LoginDDT" time="34.299"/>
</testsuite> <!-- ErosNow Test -->
